
[INFO ][SERVER] [Thread 110] [SMARTHEAP] Registering Tasks...

[INFO ][SERVER] [Thread 110] [SMARTHEAP] Version 10.0.1

TOTVS: Not appending Date/Time and Thread to console. To enable:
[GENERAL]
EchoConsoleLogDate=1

TOTVS: Not writing asynchronous logs to console.log. To enable:
[GENERAL]
AsyncConsoleLog=1

TOTVS: Appending Date/Time and Thread to console.log. To disable:
[GENERAL]
ConsoleLogDate=0


 *** WARNING!!!! It is recommended to use LockServer Session in this OS.
***  TOTVS S/A  ***
***  www.totvs.com.br  ***
* AP7 - Build 7.00.210324P - Mar 12 2022 - 03:40:24 
* Build: 64 bits
* SVN Revision: 34023
* Build Version: 20.3.0.8


Using ini file ''

Using ini file 'appserver.ini'

[INFO ][SERVER] ###### thr: 110 - /totvs/tech/appserver/appserver.ini - was changed by any external tool: Last Write 4294967295 != 1695415680 Write != 4294967294 read!!! (reload)

 *** WARNING!!!! It is recommended to use LockServer Session in this OS.

[CMDLINE] STARTING APPSERVER COMMAND LINE - COMPILE

[ERROR][SERVER] [CMDLINE] Session [ENVP] not found in AppServer.ini.Verify the "Environment in the Server".

[INFO ][SERVER] [Thread 142] [SMARTHEAP] Registering Tasks...

[INFO ][SERVER] [Thread 142] [SMARTHEAP] Version 10.0.1

TOTVS: Not appending Date/Time and Thread to console. To enable:
[GENERAL]
EchoConsoleLogDate=1

TOTVS: Not writing asynchronous logs to console.log. To enable:
[GENERAL]
AsyncConsoleLog=1

TOTVS: Appending Date/Time and Thread to console.log. To disable:
[GENERAL]
ConsoleLogDate=0


 *** WARNING!!!! It is recommended to use LockServer Session in this OS.
***  TOTVS S/A  ***
***  www.totvs.com.br  ***
* AP7 - Build 7.00.210324P - Mar 12 2022 - 03:40:24 
* Build: 64 bits
* SVN Revision: 34023
* Build Version: 20.3.0.8


Using ini file ''

Using ini file 'appserver.ini'

[INFO ][SERVER] ###### thr: 142 - /totvs/tech/appserver/appserver.ini - was changed by any external tool: Last Write 4294967295 != 1695415969 Write != 4294967294 read!!! (reload)

 *** WARNING!!!! It is recommended to use LockServer Session in this OS.

[CMDLINE] STARTING APPSERVER COMMAND LINE - COMPILE

[CMDLINE] Starting Apply Patch.

[WARN ][SERVER] RpoCustom Key not defined in the ini file. Using default set to /totvs/tech/appserver/custom.rpo
[INFO ][SERVER] [Thread 142] Start Build.

[WARN ][SERVER] VDR Stop: there isn't active HTTP server

 *********** RPO file (/totvs/tech/appserver/custom.rpo) not found. Creating... ***********

[WARN ][SERVER] [Thread 142] OPEN EMPTY RPO - Environment ENVP - File /totvs/tech/appserver/custom.rpo
Rpo with Total Users: 1 (Custom RPO)

[INFO ][SERVER] Loading map 1/5 Default RPO: 113091

[INFO ][SERVER] Loading map 2/5 Default RPO: 10185

[INFO ][SERVER] Loading map 3/5 Default RPO: 10185

[INFO ][SERVER] Loading map 4/5 Default RPO: 23127

[INFO ][SERVER] Loading map 5/5 Default RPO: 101857
deleting: TECGSLOG.PRW...
deleting: TECXFUNA.PRW...
RPO apply date: : 22/09/2023 20:53:01...
updating: DSERSGS-14828_14861452_608853.TPH2210...
skipping older source: ENGXFUN.PRW...
RPO apply date: : 22/09/2023 20:53:01...
updating: ENGXFUNP.PRW...
RPO apply date: : 22/09/2023 20:53:01...
updating: FW_RESOURCE_PKMK.PNG...
skipping older source: TECA930.PRW...
RPO apply date: : 22/09/2023 20:53:01...
updating: TECA930_EN.TRES...
RPO apply date: : 22/09/2023 20:53:01...
updating: TECA930_ES.TRES...
RPO apply date: : 22/09/2023 20:53:01...
updating: TECA930_PT-BR.TRES...
RPO apply date: : 22/09/2023 20:53:01...
updating: TECA930_PT-PT.TRES...
RPO apply date: : 22/09/2023 20:53:01...
updating: TECA930_RU.TRES...
RPO apply date: : 22/09/2023 20:53:01...
updating: TECGSLOG.PRW...
RPO apply date: : 22/09/2023 20:53:01...
updating: TECXFUNA.PRW...
RPO apply date: : 22/09/2023 20:53:01...
updating: TECXFUNA_EN.TRES...
RPO apply date: : 22/09/2023 20:53:01...
updating: TECXFUNA_ES.TRES...
RPO apply date: : 22/09/2023 20:53:01...
updating: TECXFUNA_PT-BR.TRES...
RPO apply date: : 22/09/2023 20:53:01...
updating: TECXFUNA_PT-PT.TRES...
RPO apply date: : 22/09/2023 20:53:01...
updating: TECXFUNA_RU.TRES...
skipping older source: TECXFUNB.PRW...
RPO apply date: : 22/09/2023 20:53:01...
updating: TECXFUNB_EN.TRES...
RPO apply date: : 22/09/2023 20:53:01...
updating: TECXFUNB_ES.TRES...
RPO apply date: : 22/09/2023 20:53:01...
updating: TECXFUNB_PT-BR.TRES...
RPO apply date: : 22/09/2023 20:53:01...
updating: TECXFUNB_PT-PT.TRES...
RPO apply date: : 22/09/2023 20:53:01...
updating: TECXFUNB_RU.TRES...

[INFO ][SERVER] Updating map 1/5 Default RPO: 113092

[INFO ][SERVER] Updating map 2/5 Default RPO: 10185

[INFO ][SERVER] Updating map 3/5 Default RPO: 468

[INFO ][SERVER] Updating map 4/5 Default RPO: 124997

[INFO ][SERVER] Updating map 5/5 Default RPO: 124997

[CMDLINE] Patch successfully applied.

[INFO ][SERVER] [Thread 142] [22/09/2023 20:53:03] Updating RPO /scripts/apo/portuguese/tttm120.rpo
[INFO ][SERVER] Updating map 1/5 Default RPO: 113092

[INFO ][SERVER] Updating map 2/5 Default RPO: 10185

[INFO ][SERVER] Updating map 3/5 Default RPO: 468

[INFO ][SERVER] Updating map 4/5 Default RPO: 124997

[INFO ][SERVER] Updating map 5/5 Default RPO: 124997

[INFO ][SERVER] Updating map 1/5 Custom RPO: 0

[INFO ][SERVER] Updating map 2/5 Custom RPO: 0

[INFO ][SERVER] Updating map 3/5 Custom RPO: 0

[INFO ][SERVER] Updating map 4/5 Custom RPO: 0

[INFO ][SERVER] Updating map 5/5 Custom RPO: 0

[INFO ][SERVER] [Thread 142] [22/09/2023 20:53:05] End Build.
[CMDLINE] Apply Patch finished.

[CMDLINE] ******************************** Build Information Report ********************************

[CMDLINE] Environment .........: ENVP

[CMDLINE] RPO .................: /scripts/apo/portuguese/tttm120.rpo

[CMDLINE] -------------- Execution Time -------------- 

[CMDLINE] ApplyPatch ..........: 6.167 s

[CMDLINE] Total Application ...: 6.177 s


[CMDLINE] ***************************** End of Build Information Report *****************************

[INFO ][SERVER] [Thread 147] [SMARTHEAP] Registering Tasks...

[INFO ][SERVER] [Thread 147] [SMARTHEAP] Version 10.0.1

TOTVS: Not appending Date/Time and Thread to console. To enable:
[GENERAL]
EchoConsoleLogDate=1

TOTVS: Not writing asynchronous logs to console.log. To enable:
[GENERAL]
AsyncConsoleLog=1

TOTVS: Appending Date/Time and Thread to console.log. To disable:
[GENERAL]
ConsoleLogDate=0


 *** WARNING!!!! It is recommended to use LockServer Session in this OS.
***  TOTVS S/A  ***
***  www.totvs.com.br  ***
* AP7 - Build 7.00.210324P - Mar 12 2022 - 03:40:24 
* Build: 64 bits
* SVN Revision: 34023
* Build Version: 20.3.0.8


Using ini file ''

Using ini file 'appserver.ini'

[INFO ][SERVER] ###### thr: 147 - /totvs/tech/appserver/appserver.ini - was changed by any external tool: Last Write 4294967295 != 1695415969 Write != 4294967294 read!!! (reload)

 *** WARNING!!!! It is recommended to use LockServer Session in this OS.

[CMDLINE] STARTING APPSERVER COMMAND LINE - COMPILE

[CMDLINE] Starting Apply Patch.

[WARN ][SERVER] RpoCustom Key not defined in the ini file. Using default set to /totvs/tech/appserver/custom.rpo
[INFO ][SERVER] [Thread 147] Start Build.

[WARN ][SERVER] VDR Stop: there isn't active HTTP server
Rpo with Total Users: 1 (Custom RPO)

[INFO ][SERVER] Loading map 1/5 Custom RPO: 0

[INFO ][SERVER] Loading map 2/5 Custom RPO: 0

[INFO ][SERVER] Loading map 3/5 Custom RPO: 0

[INFO ][SERVER] Loading map 4/5 Custom RPO: 0

[INFO ][SERVER] Loading map 5/5 Custom RPO: 0

[INFO ][SERVER] Loading map 1/5 Default RPO: 113092

[INFO ][SERVER] Loading map 2/5 Default RPO: 10185

[INFO ][SERVER] Loading map 3/5 Default RPO: 10185

[INFO ][SERVER] Loading map 4/5 Default RPO: 23128

[INFO ][SERVER] Loading map 5/5 Default RPO: 101858
deleting: ENGXFUNP.PRW...
deleting: FINR530.PRX...
RPO apply date: : 22/09/2023 20:53:08...
updating: DFINGRV-27387_14816417_609481.TPH2210...
skipping older source: ENGXFUN.PRW...
RPO apply date: : 22/09/2023 20:53:08...
updating: ENGXFUNP.PRW...
RPO apply date: : 22/09/2023 20:53:08...
updating: FINR530.PRX...
RPO apply date: : 22/09/2023 20:53:08...
updating: FINR530_EN.TRES...
RPO apply date: : 22/09/2023 20:53:08...
updating: FINR530_ES.TRES...
RPO apply date: : 22/09/2023 20:53:08...
updating: FINR530_PT-BR.TRES...
RPO apply date: : 22/09/2023 20:53:08...
updating: FINR530_PT-PT.TRES...
RPO apply date: : 22/09/2023 20:53:08...
updating: FINR530_RU.TRES...
RPO apply date: : 22/09/2023 20:53:08...
updating: FW_RESOURCE_PKMK.PNG...

[INFO ][SERVER] Updating map 1/5 Default RPO: 113092

[INFO ][SERVER] Updating map 2/5 Default RPO: 10185

[INFO ][SERVER] Updating map 3/5 Default RPO: 468

[INFO ][SERVER] Updating map 4/5 Default RPO: 124998

[INFO ][SERVER] Updating map 5/5 Default RPO: 124998

[CMDLINE] Patch successfully applied.

[INFO ][SERVER] [Thread 147] [22/09/2023 20:53:10] Updating RPO /scripts/apo/portuguese/tttm120.rpo
[INFO ][SERVER] Updating map 1/5 Default RPO: 113092

[INFO ][SERVER] Updating map 2/5 Default RPO: 10185

[INFO ][SERVER] Updating map 3/5 Default RPO: 468

[INFO ][SERVER] Updating map 4/5 Default RPO: 124998

[INFO ][SERVER] Updating map 5/5 Default RPO: 124998

[INFO ][SERVER] [Thread 147] [22/09/2023 20:53:12] End Build.
[CMDLINE] Apply Patch finished.

[CMDLINE] ******************************** Build Information Report ********************************

[CMDLINE] Environment .........: ENVP

[CMDLINE] RPO .................: /scripts/apo/portuguese/tttm120.rpo

[CMDLINE] -------------- Execution Time -------------- 

[CMDLINE] ApplyPatch ..........: 6.048 s

[CMDLINE] Total Application ...: 6.052 s


[CMDLINE] ***************************** End of Build Information Report *****************************

[INFO ][SERVER] [Thread 152] [SMARTHEAP] Registering Tasks...

[INFO ][SERVER] [Thread 152] [SMARTHEAP] Version 10.0.1

TOTVS: Not appending Date/Time and Thread to console. To enable:
[GENERAL]
EchoConsoleLogDate=1

TOTVS: Not writing asynchronous logs to console.log. To enable:
[GENERAL]
AsyncConsoleLog=1

TOTVS: Appending Date/Time and Thread to console.log. To disable:
[GENERAL]
ConsoleLogDate=0


 *** WARNING!!!! It is recommended to use LockServer Session in this OS.
***  TOTVS S/A  ***
***  www.totvs.com.br  ***
* AP7 - Build 7.00.210324P - Mar 12 2022 - 03:40:24 
* Build: 64 bits
* SVN Revision: 34023
* Build Version: 20.3.0.8


Using ini file ''

Using ini file 'appserver.ini'

[INFO ][SERVER] ###### thr: 152 - /totvs/tech/appserver/appserver.ini - was changed by any external tool: Last Write 4294967295 != 1695415969 Write != 4294967294 read!!! (reload)

 *** WARNING!!!! It is recommended to use LockServer Session in this OS.

[CMDLINE] STARTING APPSERVER COMMAND LINE - COMPILE

[CMDLINE] Starting Apply Patch.

[WARN ][SERVER] RpoCustom Key not defined in the ini file. Using default set to /totvs/tech/appserver/custom.rpo
[INFO ][SERVER] [Thread 152] Start Build.

[WARN ][SERVER] VDR Stop: there isn't active HTTP server
Rpo with Total Users: 1 (Custom RPO)

[INFO ][SERVER] Loading map 1/5 Custom RPO: 0

[INFO ][SERVER] Loading map 2/5 Custom RPO: 0

[INFO ][SERVER] Loading map 3/5 Custom RPO: 0

[INFO ][SERVER] Loading map 4/5 Custom RPO: 0

[INFO ][SERVER] Loading map 5/5 Custom RPO: 0

[INFO ][SERVER] Loading map 1/5 Default RPO: 113092

[INFO ][SERVER] Loading map 2/5 Default RPO: 10185

[INFO ][SERVER] Loading map 3/5 Default RPO: 10185

[INFO ][SERVER] Loading map 4/5 Default RPO: 23128

[INFO ][SERVER] Loading map 5/5 Default RPO: 101859
deleting: ENGXFUNP.PRW...
deleting: TECA930.PRW...
deleting: TECGSLOG.PRW...
deleting: TECXFUNA.PRW...
deleting: TECXFUNB.PRW...
RPO apply date: : 22/09/2023 20:53:16...
updating: DSERSGS-15007_15154865_620212.TPH2210...
skipping older source: ENGXFUN.PRW...
RPO apply date: : 22/09/2023 20:53:16...
updating: ENGXFUNP.PRW...
RPO apply date: : 22/09/2023 20:53:16...
updating: FW_RESOURCE_PKMK.PNG...
RPO apply date: : 22/09/2023 20:53:16...
updating: TECA930.PRW...
RPO apply date: : 22/09/2023 20:53:16...
updating: TECA930_EN.TRES...
RPO apply date: : 22/09/2023 20:53:16...
updating: TECA930_ES.TRES...
RPO apply date: : 22/09/2023 20:53:16...
updating: TECA930_PT-BR.TRES...
RPO apply date: : 22/09/2023 20:53:16...
updating: TECA930_PT-PT.TRES...
RPO apply date: : 22/09/2023 20:53:16...
updating: TECA930_RU.TRES...
RPO apply date: : 22/09/2023 20:53:16...
updating: TECGSLOG.PRW...
RPO apply date: : 22/09/2023 20:53:16...
updating: TECXFUNA.PRW...
RPO apply date: : 22/09/2023 20:53:16...
updating: TECXFUNA_EN.TRES...
RPO apply date: : 22/09/2023 20:53:16...
updating: TECXFUNA_ES.TRES...
RPO apply date: : 22/09/2023 20:53:16...
updating: TECXFUNA_PT-BR.TRES...
RPO apply date: : 22/09/2023 20:53:16...
updating: TECXFUNA_PT-PT.TRES...
RPO apply date: : 22/09/2023 20:53:16...
updating: TECXFUNA_RU.TRES...
RPO apply date: : 22/09/2023 20:53:16...
updating: TECXFUNB.PRW...
RPO apply date: : 22/09/2023 20:53:16...
updating: TECXFUNB_EN.TRES...
RPO apply date: : 22/09/2023 20:53:16...
updating: TECXFUNB_ES.TRES...
RPO apply date: : 22/09/2023 20:53:16...
updating: TECXFUNB_PT-BR.TRES...
RPO apply date: : 22/09/2023 20:53:16...
updating: TECXFUNB_PT-PT.TRES...
RPO apply date: : 22/09/2023 20:53:16...
updating: TECXFUNB_RU.TRES...

[INFO ][SERVER] Updating map 1/5 Default RPO: 113092

[INFO ][SERVER] Updating map 2/5 Default RPO: 10185

[INFO ][SERVER] Updating map 3/5 Default RPO: 468

[INFO ][SERVER] Updating map 4/5 Default RPO: 124999

[INFO ][SERVER] Updating map 5/5 Default RPO: 124999

[CMDLINE] Patch successfully applied.

[INFO ][SERVER] [Thread 152] [22/09/2023 20:53:19] Updating RPO /scripts/apo/portuguese/tttm120.rpo
[INFO ][SERVER] Updating map 1/5 Default RPO: 113092

[INFO ][SERVER] Updating map 2/5 Default RPO: 10185

[INFO ][SERVER] Updating map 3/5 Default RPO: 468

[INFO ][SERVER] Updating map 4/5 Default RPO: 124999

[INFO ][SERVER] Updating map 5/5 Default RPO: 124999

[INFO ][SERVER] [Thread 152] [22/09/2023 20:53:21] End Build.
[CMDLINE] Apply Patch finished.

[CMDLINE] ******************************** Build Information Report ********************************

[CMDLINE] Environment .........: ENVP

[CMDLINE] RPO .................: /scripts/apo/portuguese/tttm120.rpo

[CMDLINE] -------------- Execution Time -------------- 

[CMDLINE] ApplyPatch ..........: 7.776 s

[CMDLINE] Total Application ...: 7.778 s


[CMDLINE] ***************************** End of Build Information Report *****************************

[INFO ][SERVER] [Thread 157] [SMARTHEAP] Registering Tasks...

[INFO ][SERVER] [Thread 157] [SMARTHEAP] Version 10.0.1

TOTVS: Not appending Date/Time and Thread to console. To enable:
[GENERAL]
EchoConsoleLogDate=1

TOTVS: Not writing asynchronous logs to console.log. To enable:
[GENERAL]
AsyncConsoleLog=1

TOTVS: Appending Date/Time and Thread to console.log. To disable:
[GENERAL]
ConsoleLogDate=0


 *** WARNING!!!! It is recommended to use LockServer Session in this OS.
***  TOTVS S/A  ***
***  www.totvs.com.br  ***
* AP7 - Build 7.00.210324P - Mar 12 2022 - 03:40:24 
* Build: 64 bits
* SVN Revision: 34023
* Build Version: 20.3.0.8


Using ini file ''

Using ini file 'appserver.ini'

[INFO ][SERVER] ###### thr: 157 - /totvs/tech/appserver/appserver.ini - was changed by any external tool: Last Write 4294967295 != 1695415969 Write != 4294967294 read!!! (reload)

 *** WARNING!!!! It is recommended to use LockServer Session in this OS.

[CMDLINE] STARTING APPSERVER COMMAND LINE - COMPILE

[CMDLINE] Starting Apply Patch.

[WARN ][SERVER] RpoCustom Key not defined in the ini file. Using default set to /totvs/tech/appserver/custom.rpo
[INFO ][SERVER] [Thread 157] Start Build.

[WARN ][SERVER] VDR Stop: there isn't active HTTP server
Rpo with Total Users: 1 (Custom RPO)

[INFO ][SERVER] Loading map 1/5 Custom RPO: 0

[INFO ][SERVER] Loading map 2/5 Custom RPO: 0

[INFO ][SERVER] Loading map 3/5 Custom RPO: 0

[INFO ][SERVER] Loading map 4/5 Custom RPO: 0

[INFO ][SERVER] Loading map 5/5 Custom RPO: 0

[INFO ][SERVER] Loading map 1/5 Default RPO: 113092

[INFO ][SERVER] Loading map 2/5 Default RPO: 10185

[INFO ][SERVER] Loading map 3/5 Default RPO: 10185

[INFO ][SERVER] Loading map 4/5 Default RPO: 23128

[INFO ][SERVER] Loading map 5/5 Default RPO: 101860
deleting: ENGXFUNP.PRW...
deleting: RUP_PCP.PRW...
RPO apply date: : 22/09/2023 20:53:24...
updating: DMANNEWPCP-7001_000000_629083.TPH2210...
skipping older source: ENGXFUN.PRW...
RPO apply date: : 22/09/2023 20:53:24...
updating: ENGXFUNP.PRW...
RPO apply date: : 22/09/2023 20:53:24...
updating: FW_RESOURCE_PKMK.PNG...
RPO apply date: : 22/09/2023 20:53:24...
updating: RUP_PCP.PRW...

[INFO ][SERVER] Updating map 1/5 Default RPO: 113092

[INFO ][SERVER] Updating map 2/5 Default RPO: 10185

[INFO ][SERVER] Updating map 3/5 Default RPO: 468

[INFO ][SERVER] Updating map 4/5 Default RPO: 125000

[INFO ][SERVER] Updating map 5/5 Default RPO: 125000

[CMDLINE] Patch successfully applied.

[INFO ][SERVER] [Thread 157] [22/09/2023 20:53:26] Updating RPO /scripts/apo/portuguese/tttm120.rpo
[INFO ][SERVER] Updating map 1/5 Default RPO: 113092

[INFO ][SERVER] Updating map 2/5 Default RPO: 10185

[INFO ][SERVER] Updating map 3/5 Default RPO: 468

[INFO ][SERVER] Updating map 4/5 Default RPO: 125000

[INFO ][SERVER] Updating map 5/5 Default RPO: 125000

[INFO ][SERVER] [Thread 157] [22/09/2023 20:53:28] End Build.
[CMDLINE] Apply Patch finished.

[CMDLINE] ******************************** Build Information Report ********************************

[CMDLINE] Environment .........: ENVP

[CMDLINE] RPO .................: /scripts/apo/portuguese/tttm120.rpo

[CMDLINE] -------------- Execution Time -------------- 

[CMDLINE] ApplyPatch ..........: 6.277 s

[CMDLINE] Total Application ...: 6.280 s


[CMDLINE] ***************************** End of Build Information Report *****************************

[INFO ][SERVER] [Thread 162] [SMARTHEAP] Registering Tasks...

[INFO ][SERVER] [Thread 162] [SMARTHEAP] Version 10.0.1

TOTVS: Not appending Date/Time and Thread to console. To enable:
[GENERAL]
EchoConsoleLogDate=1

TOTVS: Not writing asynchronous logs to console.log. To enable:
[GENERAL]
AsyncConsoleLog=1

TOTVS: Appending Date/Time and Thread to console.log. To disable:
[GENERAL]
ConsoleLogDate=0


 *** WARNING!!!! It is recommended to use LockServer Session in this OS.
***  TOTVS S/A  ***
***  www.totvs.com.br  ***
* AP7 - Build 7.00.210324P - Mar 12 2022 - 03:40:24 
* Build: 64 bits
* SVN Revision: 34023
* Build Version: 20.3.0.8


Using ini file ''

Using ini file 'appserver.ini'

[INFO ][SERVER] ###### thr: 162 - /totvs/tech/appserver/appserver.ini - was changed by any external tool: Last Write 4294967295 != 1695415969 Write != 4294967294 read!!! (reload)

 *** WARNING!!!! It is recommended to use LockServer Session in this OS.

[CMDLINE] STARTING APPSERVER COMMAND LINE - COMPILE

[CMDLINE] Starting Apply Patch.

[WARN ][SERVER] RpoCustom Key not defined in the ini file. Using default set to /totvs/tech/appserver/custom.rpo
[INFO ][SERVER] [Thread 162] Start Build.

[WARN ][SERVER] VDR Stop: there isn't active HTTP server
Rpo with Total Users: 1 (Custom RPO)

[INFO ][SERVER] Loading map 1/5 Custom RPO: 0

[INFO ][SERVER] Loading map 2/5 Custom RPO: 0

[INFO ][SERVER] Loading map 3/5 Custom RPO: 0

[INFO ][SERVER] Loading map 4/5 Custom RPO: 0

[INFO ][SERVER] Loading map 5/5 Custom RPO: 0

[INFO ][SERVER] Loading map 1/5 Default RPO: 113092

[INFO ][SERVER] Loading map 2/5 Default RPO: 10185

[INFO ][SERVER] Loading map 3/5 Default RPO: 10185

[INFO ][SERVER] Loading map 4/5 Default RPO: 23128

[INFO ][SERVER] Loading map 5/5 Default RPO: 101861
deleting: ENGXFUNP.PRW...
deleting: GPEM016.PRW...
RPO apply date: : 22/09/2023 20:53:31...
updating: CALPLANO_EN.TRES...
RPO apply date: : 22/09/2023 20:53:31...
updating: CALPLANO_ES.TRES...
RPO apply date: : 22/09/2023 20:53:31...
updating: CALPLANO_PT-BR.TRES...
RPO apply date: : 22/09/2023 20:53:31...
updating: CALPLANO_PT-PT.TRES...
RPO apply date: : 22/09/2023 20:53:31...
updating: CALPLANO_RU.TRES...
RPO apply date: : 22/09/2023 20:53:31...
updating: DRHCALCPRT-6319_15487779_629878.TPH2210...
skipping older source: ENGXFUN.PRW...
RPO apply date: : 22/09/2023 20:53:31...
updating: ENGXFUNP.PRW...
RPO apply date: : 22/09/2023 20:53:31...
updating: FW_RESOURCE_PKMK.PNG...
RPO apply date: : 22/09/2023 20:53:31...
updating: GPEM016.PRW...

[INFO ][SERVER] Updating map 1/5 Default RPO: 113092

[INFO ][SERVER] Updating map 2/5 Default RPO: 10185

[INFO ][SERVER] Updating map 3/5 Default RPO: 468

[INFO ][SERVER] Updating map 4/5 Default RPO: 125001

[INFO ][SERVER] Updating map 5/5 Default RPO: 125001

[CMDLINE] Patch successfully applied.

[INFO ][SERVER] [Thread 162] [22/09/2023 20:53:33] Updating RPO /scripts/apo/portuguese/tttm120.rpo
[INFO ][SERVER] Updating map 1/5 Default RPO: 113092

[INFO ][SERVER] Updating map 2/5 Default RPO: 10185

[INFO ][SERVER] Updating map 3/5 Default RPO: 468

[INFO ][SERVER] Updating map 4/5 Default RPO: 125001

[INFO ][SERVER] Updating map 5/5 Default RPO: 125001

[INFO ][SERVER] [Thread 162] [22/09/2023 20:53:35] End Build.
[CMDLINE] Apply Patch finished.

[CMDLINE] ******************************** Build Information Report ********************************

[CMDLINE] Environment .........: ENVP

[CMDLINE] RPO .................: /scripts/apo/portuguese/tttm120.rpo

[CMDLINE] -------------- Execution Time -------------- 

[CMDLINE] ApplyPatch ..........: 6.090 s

[CMDLINE] Total Application ...: 6.095 s


[CMDLINE] ***************************** End of Build Information Report *****************************

[INFO ][SERVER] [Thread 167] [SMARTHEAP] Registering Tasks...

[INFO ][SERVER] [Thread 167] [SMARTHEAP] Version 10.0.1

TOTVS: Not appending Date/Time and Thread to console. To enable:
[GENERAL]
EchoConsoleLogDate=1

TOTVS: Not writing asynchronous logs to console.log. To enable:
[GENERAL]
AsyncConsoleLog=1

TOTVS: Appending Date/Time and Thread to console.log. To disable:
[GENERAL]
ConsoleLogDate=0


 *** WARNING!!!! It is recommended to use LockServer Session in this OS.
***  TOTVS S/A  ***
***  www.totvs.com.br  ***
* AP7 - Build 7.00.210324P - Mar 12 2022 - 03:40:24 
* Build: 64 bits
* SVN Revision: 34023
* Build Version: 20.3.0.8


Using ini file ''

Using ini file 'appserver.ini'

[INFO ][SERVER] ###### thr: 167 - /totvs/tech/appserver/appserver.ini - was changed by any external tool: Last Write 4294967295 != 1695415969 Write != 4294967294 read!!! (reload)

 *** WARNING!!!! It is recommended to use LockServer Session in this OS.

[CMDLINE] STARTING APPSERVER COMMAND LINE - COMPILE

[CMDLINE] Starting Apply Patch.

[WARN ][SERVER] RpoCustom Key not defined in the ini file. Using default set to /totvs/tech/appserver/custom.rpo
[INFO ][SERVER] [Thread 167] Start Build.

[WARN ][SERVER] VDR Stop: there isn't active HTTP server
Rpo with Total Users: 1 (Custom RPO)

[INFO ][SERVER] Loading map 1/5 Custom RPO: 0

[INFO ][SERVER] Loading map 2/5 Custom RPO: 0

[INFO ][SERVER] Loading map 3/5 Custom RPO: 0

[INFO ][SERVER] Loading map 4/5 Custom RPO: 0

[INFO ][SERVER] Loading map 5/5 Custom RPO: 0

[INFO ][SERVER] Loading map 1/5 Default RPO: 113092

[INFO ][SERVER] Loading map 2/5 Default RPO: 10185

[INFO ][SERVER] Loading map 3/5 Default RPO: 10185

[INFO ][SERVER] Loading map 4/5 Default RPO: 23128

[INFO ][SERVER] Loading map 5/5 Default RPO: 101862
deleting: TECA930.PRW...
deleting: TECGSLOG.PRW...
deleting: TECXFUNA.PRW...
deleting: TECXFUNB.PRW...
RPO apply date: : 22/09/2023 20:53:39...
updating: DSERSGS-15007_15154865_620212.TPH2210...
skipping older source: ENGXFUN.PRW...
skipping older source: ENGXFUNP.PRW...
RPO apply date: : 22/09/2023 20:53:39...
updating: FW_RESOURCE_PKMK.PNG...
RPO apply date: : 22/09/2023 20:53:39...
updating: TECA930.PRW...
RPO apply date: : 22/09/2023 20:53:39...
updating: TECA930_EN.TRES...
RPO apply date: : 22/09/2023 20:53:39...
updating: TECA930_ES.TRES...
RPO apply date: : 22/09/2023 20:53:39...
updating: TECA930_PT-BR.TRES...
RPO apply date: : 22/09/2023 20:53:39...
updating: TECA930_PT-PT.TRES...
RPO apply date: : 22/09/2023 20:53:39...
updating: TECA930_RU.TRES...
RPO apply date: : 22/09/2023 20:53:39...
updating: TECGSLOG.PRW...
RPO apply date: : 22/09/2023 20:53:39...
updating: TECXFUNA.PRW...
RPO apply date: : 22/09/2023 20:53:39...
updating: TECXFUNA_EN.TRES...
RPO apply date: : 22/09/2023 20:53:39...
updating: TECXFUNA_ES.TRES...
RPO apply date: : 22/09/2023 20:53:39...
updating: TECXFUNA_PT-BR.TRES...
RPO apply date: : 22/09/2023 20:53:39...
updating: TECXFUNA_PT-PT.TRES...
RPO apply date: : 22/09/2023 20:53:39...
updating: TECXFUNA_RU.TRES...
RPO apply date: : 22/09/2023 20:53:39...
updating: TECXFUNB.PRW...
RPO apply date: : 22/09/2023 20:53:39...
updating: TECXFUNB_EN.TRES...
RPO apply date: : 22/09/2023 20:53:39...
updating: TECXFUNB_ES.TRES...
RPO apply date: : 22/09/2023 20:53:39...
updating: TECXFUNB_PT-BR.TRES...
RPO apply date: : 22/09/2023 20:53:39...
updating: TECXFUNB_PT-PT.TRES...
RPO apply date: : 22/09/2023 20:53:39...
updating: TECXFUNB_RU.TRES...

[INFO ][SERVER] Updating map 1/5 Default RPO: 113092

[INFO ][SERVER] Updating map 2/5 Default RPO: 10185

[INFO ][SERVER] Updating map 3/5 Default RPO: 468

[INFO ][SERVER] Updating map 4/5 Default RPO: 125001

[INFO ][SERVER] Updating map 5/5 Default RPO: 125001

[CMDLINE] Patch successfully applied.

[INFO ][SERVER] [Thread 167] [22/09/2023 20:53:40] Updating RPO /scripts/apo/portuguese/tttm120.rpo
[INFO ][SERVER] Updating map 1/5 Default RPO: 113092

[INFO ][SERVER] Updating map 2/5 Default RPO: 10185

[INFO ][SERVER] Updating map 3/5 Default RPO: 468

[INFO ][SERVER] Updating map 4/5 Default RPO: 125001

[INFO ][SERVER] Updating map 5/5 Default RPO: 125001

[INFO ][SERVER] [Thread 167] [22/09/2023 20:53:43] End Build.
[CMDLINE] Apply Patch finished.

[CMDLINE] ******************************** Build Information Report ********************************

[CMDLINE] Environment .........: ENVP

[CMDLINE] RPO .................: /scripts/apo/portuguese/tttm120.rpo

[CMDLINE] -------------- Execution Time -------------- 

[CMDLINE] ApplyPatch ..........: 6.462 s

[CMDLINE] Total Application ...: 6.466 s


[CMDLINE] ***************************** End of Build Information Report *****************************

[INFO ][SERVER] [Thread 172] [SMARTHEAP] Registering Tasks...

[INFO ][SERVER] [Thread 172] [SMARTHEAP] Version 10.0.1

TOTVS: Not appending Date/Time and Thread to console. To enable:
[GENERAL]
EchoConsoleLogDate=1

TOTVS: Not writing asynchronous logs to console.log. To enable:
[GENERAL]
AsyncConsoleLog=1

TOTVS: Appending Date/Time and Thread to console.log. To disable:
[GENERAL]
ConsoleLogDate=0


 *** WARNING!!!! It is recommended to use LockServer Session in this OS.
***  TOTVS S/A  ***
***  www.totvs.com.br  ***
* AP7 - Build 7.00.210324P - Mar 12 2022 - 03:40:24 
* Build: 64 bits
* SVN Revision: 34023
* Build Version: 20.3.0.8


Using ini file ''

Using ini file 'appserver.ini'

[INFO ][SERVER] ###### thr: 172 - /totvs/tech/appserver/appserver.ini - was changed by any external tool: Last Write 4294967295 != 1695415969 Write != 4294967294 read!!! (reload)

 *** WARNING!!!! It is recommended to use LockServer Session in this OS.

[CMDLINE] STARTING APPSERVER COMMAND LINE - COMPILE

[CMDLINE] Starting Apply Patch.

[WARN ][SERVER] RpoCustom Key not defined in the ini file. Using default set to /totvs/tech/appserver/custom.rpo
[INFO ][SERVER] [Thread 172] Start Build.

[WARN ][SERVER] VDR Stop: there isn't active HTTP server
Rpo with Total Users: 1 (Custom RPO)

[INFO ][SERVER] Loading map 1/5 Custom RPO: 0

[INFO ][SERVER] Loading map 2/5 Custom RPO: 0

[INFO ][SERVER] Loading map 3/5 Custom RPO: 0

[INFO ][SERVER] Loading map 4/5 Custom RPO: 0

[INFO ][SERVER] Loading map 5/5 Custom RPO: 0

[INFO ][SERVER] Loading map 1/5 Default RPO: 113092

[INFO ][SERVER] Loading map 2/5 Default RPO: 10185

[INFO ][SERVER] Loading map 3/5 Default RPO: 10185

[INFO ][SERVER] Loading map 4/5 Default RPO: 23128

[INFO ][SERVER] Loading map 5/5 Default RPO: 101862
deleting: ENGXFUNP.PRW...
deleting: ESTD001.PRW...
deleting: ESTD002.PRW...
deleting: ESTD003.PRW...
deleting: ESTD004.PRW...
deleting: ESTD005.PRW...
deleting: MATA300.PRX...
RPO apply date: : 22/09/2023 20:53:47...
updating: DMANMAT01-37199_15447749_634944.TPH2210...
skipping older source: ENGXFUN.PRW...
RPO apply date: : 22/09/2023 20:53:47...
updating: ENGXFUNP.PRW...
RPO apply date: : 22/09/2023 20:53:47...
updating: ESTD001.PRW...
RPO apply date: : 22/09/2023 20:53:47...
updating: ESTD001_EN.TRES...
RPO apply date: : 22/09/2023 20:53:47...
updating: ESTD001_ES.TRES...
RPO apply date: : 22/09/2023 20:53:47...
updating: ESTD001_PT-BR.TRES...
RPO apply date: : 22/09/2023 20:53:47...
updating: ESTD001_RU.TRES...
RPO apply date: : 22/09/2023 20:53:47...
updating: ESTD002.PRW...
RPO apply date: : 22/09/2023 20:53:47...
updating: ESTD002_EN.TRES...
RPO apply date: : 22/09/2023 20:53:47...
updating: ESTD002_ES.TRES...
RPO apply date: : 22/09/2023 20:53:47...
updating: ESTD002_PT-BR.TRES...
RPO apply date: : 22/09/2023 20:53:47...
updating: ESTD002_RU.TRES...
RPO apply date: : 22/09/2023 20:53:47...
updating: ESTD003.PRW...
RPO apply date: : 22/09/2023 20:53:47...
updating: ESTD003_EN.TRES...
RPO apply date: : 22/09/2023 20:53:47...
updating: ESTD003_ES.TRES...
RPO apply date: : 22/09/2023 20:53:47...
updating: ESTD003_PT-BR.TRES...
RPO apply date: : 22/09/2023 20:53:47...
updating: ESTD003_RU.TRES...
RPO apply date: : 22/09/2023 20:53:47...
updating: ESTD004.PRW...
RPO apply date: : 22/09/2023 20:53:47...
updating: ESTD004_EN.TRES...
RPO apply date: : 22/09/2023 20:53:47...
updating: ESTD004_ES.TRES...
RPO apply date: : 22/09/2023 20:53:47...
updating: ESTD004_PT-BR.TRES...
RPO apply date: : 22/09/2023 20:53:47...
updating: ESTD004_RU.TRES...
RPO apply date: : 22/09/2023 20:53:47...
updating: ESTD005.PRW...
RPO apply date: : 22/09/2023 20:53:47...
updating: ESTD005_EN.TRES...
RPO apply date: : 22/09/2023 20:53:47...
updating: ESTD005_ES.TRES...
RPO apply date: : 22/09/2023 20:53:47...
updating: ESTD005_PT-BR.TRES...
RPO apply date: : 22/09/2023 20:53:47...
updating: ESTD005_RU.TRES...
RPO apply date: : 22/09/2023 20:53:47...
updating: FW_RESOURCE_PKMK.PNG...
RPO apply date: : 22/09/2023 20:53:47...
updating: MATA300.PRX...
RPO apply date: : 22/09/2023 20:53:47...
updating: MATA300_EN.TRES...
RPO apply date: : 22/09/2023 20:53:47...
updating: MATA300_ES.TRES...
RPO apply date: : 22/09/2023 20:53:47...
updating: MATA300_PT-BR.TRES...
RPO apply date: : 22/09/2023 20:53:47...
updating: MATA300_PT-PT.TRES...
RPO apply date: : 22/09/2023 20:53:47...
updating: MATA300_RU.TRES...
RPO apply date: : 22/09/2023 20:53:47...
updating: P12_18.ZSPS...

[INFO ][SERVER] Updating map 1/5 Default RPO: 113092

[INFO ][SERVER] Updating map 2/5 Default RPO: 10185

[INFO ][SERVER] Updating map 3/5 Default RPO: 468

[INFO ][SERVER] Updating map 4/5 Default RPO: 125002

[INFO ][SERVER] Updating map 5/5 Default RPO: 125002

[CMDLINE] Patch successfully applied.

[INFO ][SERVER] [Thread 172] [22/09/2023 20:53:50] Updating RPO /scripts/apo/portuguese/tttm120.rpo
[INFO ][SERVER] Updating map 1/5 Default RPO: 113092

[INFO ][SERVER] Updating map 2/5 Default RPO: 10185

[INFO ][SERVER] Updating map 3/5 Default RPO: 468

[INFO ][SERVER] Updating map 4/5 Default RPO: 125002

[INFO ][SERVER] Updating map 5/5 Default RPO: 125002

[INFO ][SERVER] [Thread 172] [22/09/2023 20:53:54] End Build.
[CMDLINE] Apply Patch finished.

[CMDLINE] ******************************** Build Information Report ********************************

[CMDLINE] Environment .........: ENVP

[CMDLINE] RPO .................: /scripts/apo/portuguese/tttm120.rpo

[CMDLINE] -------------- Execution Time -------------- 

[CMDLINE] ApplyPatch ..........: 9.578 s

[CMDLINE] Total Application ...: 9.584 s


[CMDLINE] ***************************** End of Build Information Report *****************************

[INFO ][SERVER] [Thread 180] [SMARTHEAP] Registering Tasks...

[INFO ][SERVER] [Thread 180] [SMARTHEAP] Version 10.0.1

TOTVS: Not appending Date/Time and Thread to console. To enable:
[GENERAL]
EchoConsoleLogDate=1

TOTVS: Not writing asynchronous logs to console.log. To enable:
[GENERAL]
AsyncConsoleLog=1

TOTVS: Appending Date/Time and Thread to console.log. To disable:
[GENERAL]
ConsoleLogDate=0


 *** WARNING!!!! It is recommended to use LockServer Session in this OS.
***  TOTVS S/A  ***
***  www.totvs.com.br  ***
* AP7 - Build 7.00.210324P - Mar 12 2022 - 03:40:24 
* Build: 64 bits
* SVN Revision: 34023
* Build Version: 20.3.0.8


Using ini file ''

Using ini file 'appserver.ini'

[INFO ][SERVER] ###### thr: 180 - /totvs/tech/appserver/appserver.ini - was changed by any external tool: Last Write 4294967295 != 1695415969 Write != 4294967294 read!!! (reload)

 *** WARNING!!!! It is recommended to use LockServer Session in this OS.

[CMDLINE] STARTING APPSERVER COMMAND LINE - COMPILE

[CMDLINE] Starting Apply Patch.

[WARN ][SERVER] RpoCustom Key not defined in the ini file. Using default set to /totvs/tech/appserver/custom.rpo
[INFO ][SERVER] [Thread 180] Start Build.

[WARN ][SERVER] VDR Stop: there isn't active HTTP server
Rpo with Total Users: 1 (Custom RPO)

[INFO ][SERVER] Loading map 1/5 Custom RPO: 0

[INFO ][SERVER] Loading map 2/5 Custom RPO: 0

[INFO ][SERVER] Loading map 3/5 Custom RPO: 0

[INFO ][SERVER] Loading map 4/5 Custom RPO: 0

[INFO ][SERVER] Loading map 5/5 Custom RPO: 0

[INFO ][SERVER] Loading map 1/5 Default RPO: 113092

[INFO ][SERVER] Loading map 2/5 Default RPO: 10185

[INFO ][SERVER] Loading map 3/5 Default RPO: 10185

[INFO ][SERVER] Loading map 4/5 Default RPO: 23128

[INFO ][SERVER] Loading map 5/5 Default RPO: 101863
deleting: CTBA190.PRW...
deleting: CTBA193.PRW...
deleting: CTBA220.PRW...
deleting: ENGXFUNP.PRW...
RPO apply date: : 22/09/2023 20:53:58...
updating: CTBA190.PRW...
RPO apply date: : 22/09/2023 20:53:58...
updating: CTBA190_EN.TRES...
RPO apply date: : 22/09/2023 20:53:58...
updating: CTBA190_ES.TRES...
RPO apply date: : 22/09/2023 20:53:58...
updating: CTBA190_PT-BR.TRES...
RPO apply date: : 22/09/2023 20:53:58...
updating: CTBA190_PT-PT.TRES...
RPO apply date: : 22/09/2023 20:53:58...
updating: CTBA190_RU.TRES...
RPO apply date: : 22/09/2023 20:53:58...
updating: CTBA193.PRW...
RPO apply date: : 22/09/2023 20:53:58...
updating: CTBA193_EN.TRES...
RPO apply date: : 22/09/2023 20:53:58...
updating: CTBA193_ES.TRES...
RPO apply date: : 22/09/2023 20:53:58...
updating: CTBA193_PT-BR.TRES...
RPO apply date: : 22/09/2023 20:53:58...
updating: CTBA193_PT-PT.TRES...
RPO apply date: : 22/09/2023 20:53:58...
updating: CTBA193_RU.TRES...
RPO apply date: : 22/09/2023 20:53:58...
updating: CTBA220.PRW...
RPO apply date: : 22/09/2023 20:53:58...
updating: CTBA220_EN.TRES...
RPO apply date: : 22/09/2023 20:53:58...
updating: CTBA220_ES.TRES...
RPO apply date: : 22/09/2023 20:53:58...
updating: CTBA220_PT-BR.TRES...
RPO apply date: : 22/09/2023 20:53:58...
updating: CTBA220_PT-PT.TRES...
RPO apply date: : 22/09/2023 20:53:58...
updating: CTBA220_RU.TRES...
RPO apply date: : 22/09/2023 20:53:58...
updating: DSERCTR1-40198_15624200_636566.TPH2210...
skipping older source: ENGXFUN.PRW...
RPO apply date: : 22/09/2023 20:53:58...
updating: ENGXFUNP.PRW...
RPO apply date: : 22/09/2023 20:53:58...
updating: FW_RESOURCE_PKMK.PNG...
RPO apply date: : 22/09/2023 20:53:58...
updating: P12_01.ZSPS...
RPO apply date: : 22/09/2023 20:53:58...
updating: P12_02.ZSPS...
RPO apply date: : 22/09/2023 20:53:58...
updating: P12_03.ZSPS...
RPO apply date: : 22/09/2023 20:53:58...
updating: P12_23.ZSPS...

[INFO ][SERVER] Updating map 1/5 Default RPO: 113092

[INFO ][SERVER] Updating map 2/5 Default RPO: 10185

[INFO ][SERVER] Updating map 3/5 Default RPO: 468

[INFO ][SERVER] Updating map 4/5 Default RPO: 125003

[INFO ][SERVER] Updating map 5/5 Default RPO: 125003

[CMDLINE] Patch successfully applied.

[INFO ][SERVER] [Thread 180] [22/09/2023 20:54:01] Updating RPO /scripts/apo/portuguese/tttm120.rpo
[INFO ][SERVER] Updating map 1/5 Default RPO: 113092

[INFO ][SERVER] Updating map 2/5 Default RPO: 10185

[INFO ][SERVER] Updating map 3/5 Default RPO: 468

[INFO ][SERVER] Updating map 4/5 Default RPO: 125003

[INFO ][SERVER] Updating map 5/5 Default RPO: 125003

[INFO ][SERVER] [Thread 180] [22/09/2023 20:54:05] End Build.
[CMDLINE] Apply Patch finished.

[CMDLINE] ******************************** Build Information Report ********************************

[CMDLINE] Environment .........: ENVP

[CMDLINE] RPO .................: /scripts/apo/portuguese/tttm120.rpo

[CMDLINE] -------------- Execution Time -------------- 

[CMDLINE] ApplyPatch ..........: 10.121 s

[CMDLINE] Total Application ...: 10.124 s


[CMDLINE] ***************************** End of Build Information Report *****************************

[INFO ][SERVER] [Thread 187] [SMARTHEAP] Registering Tasks...

[INFO ][SERVER] [Thread 187] [SMARTHEAP] Version 10.0.1

TOTVS: Not appending Date/Time and Thread to console. To enable:
[GENERAL]
EchoConsoleLogDate=1

TOTVS: Not writing asynchronous logs to console.log. To enable:
[GENERAL]
AsyncConsoleLog=1

TOTVS: Appending Date/Time and Thread to console.log. To disable:
[GENERAL]
ConsoleLogDate=0


 *** WARNING!!!! It is recommended to use LockServer Session in this OS.
***  TOTVS S/A  ***
***  www.totvs.com.br  ***
* AP7 - Build 7.00.210324P - Mar 12 2022 - 03:40:24 
* Build: 64 bits
* SVN Revision: 34023
* Build Version: 20.3.0.8


Using ini file ''

Using ini file 'appserver.ini'

[INFO ][SERVER] ###### thr: 187 - /totvs/tech/appserver/appserver.ini - was changed by any external tool: Last Write 4294967295 != 1695415969 Write != 4294967294 read!!! (reload)

 *** WARNING!!!! It is recommended to use LockServer Session in this OS.

[CMDLINE] STARTING APPSERVER COMMAND LINE - COMPILE

[CMDLINE] Starting Apply Patch.

[WARN ][SERVER] RpoCustom Key not defined in the ini file. Using default set to /totvs/tech/appserver/custom.rpo
[INFO ][SERVER] [Thread 187] Start Build.

[WARN ][SERVER] VDR Stop: there isn't active HTTP server
Rpo with Total Users: 1 (Custom RPO)

[INFO ][SERVER] Loading map 1/5 Custom RPO: 0

[INFO ][SERVER] Loading map 2/5 Custom RPO: 0

[INFO ][SERVER] Loading map 3/5 Custom RPO: 0

[INFO ][SERVER] Loading map 4/5 Custom RPO: 0

[INFO ][SERVER] Loading map 5/5 Custom RPO: 0

[INFO ][SERVER] Loading map 1/5 Default RPO: 113092

[INFO ][SERVER] Loading map 2/5 Default RPO: 10185

[INFO ][SERVER] Loading map 3/5 Default RPO: 10185

[INFO ][SERVER] Loading map 4/5 Default RPO: 23128

[INFO ][SERVER] Loading map 5/5 Default RPO: 101864
deleting: ENGXFUNP.PRW...
deleting: FINA380.PRX...
deleting: FINA420.PRX...
deleting: FINA473.PRX...
deleting: FINXLOAD.PRW...
RPO apply date: : 22/09/2023 20:54:09...
updating: DFINTES-20033_15493384_638977.TPH2210...
skipping older source: ENGXFUN.PRW...
RPO apply date: : 22/09/2023 20:54:09...
updating: ENGXFUNP.PRW...
RPO apply date: : 22/09/2023 20:54:09...
updating: FINA380.PRX...
RPO apply date: : 22/09/2023 20:54:09...
updating: FINA380_EN.TRES...
RPO apply date: : 22/09/2023 20:54:09...
updating: FINA380_ES.TRES...
RPO apply date: : 22/09/2023 20:54:09...
updating: FINA380_PT-BR.TRES...
RPO apply date: : 22/09/2023 20:54:09...
updating: FINA380_PT-PT.TRES...
RPO apply date: : 22/09/2023 20:54:09...
updating: FINA380_RU.TRES...
RPO apply date: : 22/09/2023 20:54:09...
updating: FINA420.PRX...
RPO apply date: : 22/09/2023 20:54:09...
updating: FINA420_EN.TRES...
RPO apply date: : 22/09/2023 20:54:09...
updating: FINA420_ES.TRES...
RPO apply date: : 22/09/2023 20:54:09...
updating: FINA420_PT-BR.TRES...
RPO apply date: : 22/09/2023 20:54:09...
updating: FINA420_PT-PT.TRES...
RPO apply date: : 22/09/2023 20:54:09...
updating: FINA420_RU.TRES...
RPO apply date: : 22/09/2023 20:54:09...
updating: FINA473.PRX...
RPO apply date: : 22/09/2023 20:54:09...
updating: FINA473_EN.TRES...
RPO apply date: : 22/09/2023 20:54:09...
updating: FINA473_ES.TRES...
RPO apply date: : 22/09/2023 20:54:09...
updating: FINA473_PT-BR.TRES...
RPO apply date: : 22/09/2023 20:54:09...
updating: FINA473_PT-PT.TRES...
RPO apply date: : 22/09/2023 20:54:09...
updating: FINA473_RU.TRES...
RPO apply date: : 22/09/2023 20:54:09...
updating: FINXLOAD.PRW...
RPO apply date: : 22/09/2023 20:54:09...
updating: FINXLOAD_EN.TRES...
RPO apply date: : 22/09/2023 20:54:09...
updating: FINXLOAD_ES.TRES...
RPO apply date: : 22/09/2023 20:54:09...
updating: FINXLOAD_PT-BR.TRES...
RPO apply date: : 22/09/2023 20:54:09...
updating: FINXLOAD_PT-PT.TRES...
RPO apply date: : 22/09/2023 20:54:09...
updating: FINXLOAD_RU.TRES...
RPO apply date: : 22/09/2023 20:54:09...
updating: FW_RESOURCE_PKMK.PNG...

[INFO ][SERVER] Updating map 1/5 Default RPO: 113092

[INFO ][SERVER] Updating map 2/5 Default RPO: 10185

[INFO ][SERVER] Updating map 3/5 Default RPO: 468

[INFO ][SERVER] Updating map 4/5 Default RPO: 125004

[INFO ][SERVER] Updating map 5/5 Default RPO: 125004

[CMDLINE] Patch successfully applied.

[INFO ][SERVER] [Thread 187] [22/09/2023 20:54:12] Updating RPO /scripts/apo/portuguese/tttm120.rpo
[INFO ][SERVER] Updating map 1/5 Default RPO: 113092

[INFO ][SERVER] Updating map 2/5 Default RPO: 10185

[INFO ][SERVER] Updating map 3/5 Default RPO: 468

[INFO ][SERVER] Updating map 4/5 Default RPO: 125004

[INFO ][SERVER] Updating map 5/5 Default RPO: 125004

[INFO ][SERVER] [Thread 187] [22/09/2023 20:54:16] End Build.
[CMDLINE] Apply Patch finished.

[CMDLINE] ******************************** Build Information Report ********************************

[CMDLINE] Environment .........: ENVP

[CMDLINE] RPO .................: /scripts/apo/portuguese/tttm120.rpo

[CMDLINE] -------------- Execution Time -------------- 

[CMDLINE] ApplyPatch ..........: 10.281 s

[CMDLINE] Total Application ...: 10.284 s


[CMDLINE] ***************************** End of Build Information Report *****************************

[INFO ][SERVER] [Thread 194] [SMARTHEAP] Registering Tasks...

[INFO ][SERVER] [Thread 194] [SMARTHEAP] Version 10.0.1

TOTVS: Not appending Date/Time and Thread to console. To enable:
[GENERAL]
EchoConsoleLogDate=1

TOTVS: Not writing asynchronous logs to console.log. To enable:
[GENERAL]
AsyncConsoleLog=1

TOTVS: Appending Date/Time and Thread to console.log. To disable:
[GENERAL]
ConsoleLogDate=0


 *** WARNING!!!! It is recommended to use LockServer Session in this OS.
***  TOTVS S/A  ***
***  www.totvs.com.br  ***
* AP7 - Build 7.00.210324P - Mar 12 2022 - 03:40:24 
* Build: 64 bits
* SVN Revision: 34023
* Build Version: 20.3.0.8


Using ini file ''

Using ini file 'appserver.ini'

[INFO ][SERVER] ###### thr: 194 - /totvs/tech/appserver/appserver.ini - was changed by any external tool: Last Write 4294967295 != 1695415969 Write != 4294967294 read!!! (reload)

 *** WARNING!!!! It is recommended to use LockServer Session in this OS.

[CMDLINE] STARTING APPSERVER COMMAND LINE - COMPILE

[CMDLINE] Starting Apply Patch.

[WARN ][SERVER] RpoCustom Key not defined in the ini file. Using default set to /totvs/tech/appserver/custom.rpo
[INFO ][SERVER] [Thread 194] Start Build.

[WARN ][SERVER] VDR Stop: there isn't active HTTP server
Rpo with Total Users: 1 (Custom RPO)

[INFO ][SERVER] Loading map 1/5 Custom RPO: 0

[INFO ][SERVER] Loading map 2/5 Custom RPO: 0

[INFO ][SERVER] Loading map 3/5 Custom RPO: 0

[INFO ][SERVER] Loading map 4/5 Custom RPO: 0

[INFO ][SERVER] Loading map 5/5 Custom RPO: 0

[INFO ][SERVER] Loading map 1/5 Default RPO: 113092

[INFO ][SERVER] Loading map 2/5 Default RPO: 10185

[INFO ][SERVER] Loading map 3/5 Default RPO: 10185

[INFO ][SERVER] Loading map 4/5 Default RPO: 23128

[INFO ][SERVER] Loading map 5/5 Default RPO: 101865
deleting: NGUTIL.PRX...
RPO apply date: : 22/09/2023 20:54:21...
updating: DNG-18784_15601610_638833.TPH2210...
skipping older source: ENGXFUN.PRW...
skipping older source: ENGXFUNP.PRW...
RPO apply date: : 22/09/2023 20:54:21...
updating: FW_RESOURCE_PKMK.PNG...
RPO apply date: : 22/09/2023 20:54:21...
updating: NGUTIL.PRX...
RPO apply date: : 22/09/2023 20:54:21...
updating: NGUTIL_EN.TRES...
RPO apply date: : 22/09/2023 20:54:21...
updating: NGUTIL_ES.TRES...
RPO apply date: : 22/09/2023 20:54:21...
updating: NGUTIL_PT-BR.TRES...
RPO apply date: : 22/09/2023 20:54:21...
updating: NGUTIL_PT-PT.TRES...
RPO apply date: : 22/09/2023 20:54:21...
updating: NGUTIL_RU.TRES...

[INFO ][SERVER] Updating map 1/5 Default RPO: 113092

[INFO ][SERVER] Updating map 2/5 Default RPO: 10185

[INFO ][SERVER] Updating map 3/5 Default RPO: 468

[INFO ][SERVER] Updating map 4/5 Default RPO: 125005

[INFO ][SERVER] Updating map 5/5 Default RPO: 125005

[CMDLINE] Patch successfully applied.

[INFO ][SERVER] [Thread 194] [22/09/2023 20:54:25] Updating RPO /scripts/apo/portuguese/tttm120.rpo
[INFO ][SERVER] Updating map 1/5 Default RPO: 113092

[INFO ][SERVER] Updating map 2/5 Default RPO: 10185

[INFO ][SERVER] Updating map 3/5 Default RPO: 468

[INFO ][SERVER] Updating map 4/5 Default RPO: 125005

[INFO ][SERVER] Updating map 5/5 Default RPO: 125005

[INFO ][SERVER] [Thread 194] [22/09/2023 20:54:28] End Build.
[CMDLINE] Apply Patch finished.

[CMDLINE] ******************************** Build Information Report ********************************

[CMDLINE] Environment .........: ENVP

[CMDLINE] RPO .................: /scripts/apo/portuguese/tttm120.rpo

[CMDLINE] -------------- Execution Time -------------- 

[CMDLINE] ApplyPatch ..........: 11.209 s

[CMDLINE] Total Application ...: 11.213 s


[CMDLINE] ***************************** End of Build Information Report *****************************

[INFO ][SERVER] [Thread 201] [SMARTHEAP] Registering Tasks...

[INFO ][SERVER] [Thread 201] [SMARTHEAP] Version 10.0.1

TOTVS: Not appending Date/Time and Thread to console. To enable:
[GENERAL]
EchoConsoleLogDate=1

TOTVS: Not writing asynchronous logs to console.log. To enable:
[GENERAL]
AsyncConsoleLog=1

TOTVS: Appending Date/Time and Thread to console.log. To disable:
[GENERAL]
ConsoleLogDate=0


 *** WARNING!!!! It is recommended to use LockServer Session in this OS.
***  TOTVS S/A  ***
***  www.totvs.com.br  ***
* AP7 - Build 7.00.210324P - Mar 12 2022 - 03:40:24 
* Build: 64 bits
* SVN Revision: 34023
* Build Version: 20.3.0.8


Using ini file ''

Using ini file 'appserver.ini'

[INFO ][SERVER] ###### thr: 201 - /totvs/tech/appserver/appserver.ini - was changed by any external tool: Last Write 4294967295 != 1695415969 Write != 4294967294 read!!! (reload)

 *** WARNING!!!! It is recommended to use LockServer Session in this OS.

[CMDLINE] STARTING APPSERVER COMMAND LINE - COMPILE

[CMDLINE] Starting Apply Patch.

[WARN ][SERVER] RpoCustom Key not defined in the ini file. Using default set to /totvs/tech/appserver/custom.rpo
[INFO ][SERVER] [Thread 201] Start Build.

[WARN ][SERVER] VDR Stop: there isn't active HTTP server
Rpo with Total Users: 1 (Custom RPO)

[INFO ][SERVER] Loading map 1/5 Custom RPO: 0

[INFO ][SERVER] Loading map 2/5 Custom RPO: 0

[INFO ][SERVER] Loading map 3/5 Custom RPO: 0

[INFO ][SERVER] Loading map 4/5 Custom RPO: 0

[INFO ][SERVER] Loading map 5/5 Custom RPO: 0

[INFO ][SERVER] Loading map 1/5 Default RPO: 113092

[INFO ][SERVER] Loading map 2/5 Default RPO: 10185

[INFO ][SERVER] Loading map 3/5 Default RPO: 10185

[INFO ][SERVER] Loading map 4/5 Default RPO: 23128

[INFO ][SERVER] Loading map 5/5 Default RPO: 101866
deleting: ACJOURNEYLOG.PRW...
deleting: ENGXFUNP.PRW...
deleting: ESTD002.PRW...
deleting: ESTD003.PRW...
deleting: ESTD004.PRW...
deleting: ESTD005.PRW...
deleting: M330JCTB.PRX...
deleting: MATA320.PRX...
deleting: MATA330.PRX...
deleting: MATA330MOD.PRX...
deleting: MATA331.PRX...
deleting: MATXFUNA.PRX...
deleting: MATXFUNB.PRX...
deleting: MATXFUNC.PRX...
deleting: SIGACUS.PRW...
deleting: SIGACUSA.PRX...
deleting: SIGACUSB.PRX...
RPO apply date: : 22/09/2023 20:54:34...
updating: ACJOURNEYLOG.PRW...
RPO apply date: : 22/09/2023 20:54:34...
updating: ACJOURNEYLOG_EN.TRES...
RPO apply date: : 22/09/2023 20:54:34...
updating: ACJOURNEYLOG_ES.TRES...
RPO apply date: : 22/09/2023 20:54:34...
updating: ACJOURNEYLOG_PT-BR.TRES...
RPO apply date: : 22/09/2023 20:54:34...
updating: ACJOURNEYLOG_RU.TRES...
skipping older source: CFGX051.PRW...
RPO apply date: : 22/09/2023 20:54:34...
updating: CFGX051_EN.TRES...
RPO apply date: : 22/09/2023 20:54:34...
updating: CFGX051_ES.TRES...
RPO apply date: : 22/09/2023 20:54:34...
updating: CFGX051_PT-BR.TRES...
RPO apply date: : 22/09/2023 20:54:34...
updating: CFGX051_PT-PT.TRES...
RPO apply date: : 22/09/2023 20:54:34...
updating: CFGX051_RU.TRES...
RPO apply date: : 22/09/2023 20:54:34...
updating: DMANMAT01-37360_15630856_639254.TPH2210...
skipping older source: ENGXFUN.PRW...
RPO apply date: : 22/09/2023 20:54:34...
updating: ENGXFUNP.PRW...
RPO apply date: : 22/09/2023 20:54:34...
updating: ESTD002.PRW...
RPO apply date: : 22/09/2023 20:54:34...
updating: ESTD002_EN.TRES...
RPO apply date: : 22/09/2023 20:54:34...
updating: ESTD002_ES.TRES...
RPO apply date: : 22/09/2023 20:54:34...
updating: ESTD002_PT-BR.TRES...
RPO apply date: : 22/09/2023 20:54:34...
updating: ESTD002_RU.TRES...
RPO apply date: : 22/09/2023 20:54:34...
updating: ESTD003.PRW...
RPO apply date: : 22/09/2023 20:54:34...
updating: ESTD003_EN.TRES...
RPO apply date: : 22/09/2023 20:54:34...
updating: ESTD003_ES.TRES...
RPO apply date: : 22/09/2023 20:54:34...
updating: ESTD003_PT-BR.TRES...
RPO apply date: : 22/09/2023 20:54:34...
updating: ESTD003_RU.TRES...
RPO apply date: : 22/09/2023 20:54:34...
updating: ESTD004.PRW...
RPO apply date: : 22/09/2023 20:54:34...
updating: ESTD004_EN.TRES...
RPO apply date: : 22/09/2023 20:54:34...
updating: ESTD004_ES.TRES...
RPO apply date: : 22/09/2023 20:54:34...
updating: ESTD004_PT-BR.TRES...
RPO apply date: : 22/09/2023 20:54:34...
updating: ESTD004_RU.TRES...
RPO apply date: : 22/09/2023 20:54:34...
updating: ESTD005.PRW...
RPO apply date: : 22/09/2023 20:54:34...
updating: ESTD005_EN.TRES...
RPO apply date: : 22/09/2023 20:54:34...
updating: ESTD005_ES.TRES...
RPO apply date: : 22/09/2023 20:54:34...
updating: ESTD005_PT-BR.TRES...
RPO apply date: : 22/09/2023 20:54:34...
updating: ESTD005_RU.TRES...
RPO apply date: : 22/09/2023 20:54:34...
updating: FW_RESOURCE_PKMK.PNG...
RPO apply date: : 22/09/2023 20:54:34...
updating: M330JCTB.PRX...
RPO apply date: : 22/09/2023 20:54:34...
updating: M330JCTB_EN.TRES...
RPO apply date: : 22/09/2023 20:54:34...
updating: M330JCTB_ES.TRES...
RPO apply date: : 22/09/2023 20:54:34...
updating: M330JCTB_PT-BR.TRES...
RPO apply date: : 22/09/2023 20:54:34...
updating: M330JCTB_PT-PT.TRES...
RPO apply date: : 22/09/2023 20:54:34...
updating: M330JCTB_RU.TRES...
RPO apply date: : 22/09/2023 20:54:34...
updating: MATA320.PRX...
RPO apply date: : 22/09/2023 20:54:34...
updating: MATA320_EN.TRES...
RPO apply date: : 22/09/2023 20:54:34...
updating: MATA320_ES.TRES...
RPO apply date: : 22/09/2023 20:54:34...
updating: MATA320_PT-BR.TRES...
RPO apply date: : 22/09/2023 20:54:34...
updating: MATA320_PT-PT.TRES...
RPO apply date: : 22/09/2023 20:54:34...
updating: MATA320_RU.TRES...
RPO apply date: : 22/09/2023 20:54:34...
updating: MATA330.PRX...
RPO apply date: : 22/09/2023 20:54:34...
updating: MATA330MOD.PRX...
RPO apply date: : 22/09/2023 20:54:34...
updating: MATA330MOD_EN.TRES...
RPO apply date: : 22/09/2023 20:54:34...
updating: MATA330MOD_ES.TRES...
RPO apply date: : 22/09/2023 20:54:34...
updating: MATA330MOD_PT-BR.TRES...
RPO apply date: : 22/09/2023 20:54:34...
updating: MATA330MOD_RU.TRES...
RPO apply date: : 22/09/2023 20:54:34...
updating: MATA330_EN.TRES...
RPO apply date: : 22/09/2023 20:54:34...
updating: MATA330_ES.TRES...
RPO apply date: : 22/09/2023 20:54:34...
updating: MATA330_PT-BR.TRES...
RPO apply date: : 22/09/2023 20:54:34...
updating: MATA330_PT-PT.TRES...
RPO apply date: : 22/09/2023 20:54:34...
updating: MATA330_RU.TRES...
RPO apply date: : 22/09/2023 20:54:34...
updating: MATA331.PRX...
RPO apply date: : 22/09/2023 20:54:34...
updating: MATA331_EN.TRES...
RPO apply date: : 22/09/2023 20:54:34...
updating: MATA331_ES.TRES...
RPO apply date: : 22/09/2023 20:54:34...
updating: MATA331_PT-BR.TRES...
RPO apply date: : 22/09/2023 20:54:34...
updating: MATA331_PT-PT.TRES...
RPO apply date: : 22/09/2023 20:54:34...
updating: MATA331_RU.TRES...
RPO apply date: : 22/09/2023 20:54:34...
updating: MATXFUNA.PRX...
RPO apply date: : 22/09/2023 20:54:34...
updating: MATXFUNA_EN.TRES...
RPO apply date: : 22/09/2023 20:54:34...
updating: MATXFUNA_ES.TRES...
RPO apply date: : 22/09/2023 20:54:34...
updating: MATXFUNA_PT-BR.TRES...
RPO apply date: : 22/09/2023 20:54:34...
updating: MATXFUNA_PT-PT.TRES...
RPO apply date: : 22/09/2023 20:54:34...
updating: MATXFUNA_RU.TRES...
RPO apply date: : 22/09/2023 20:54:34...
updating: MATXFUNB.PRX...
RPO apply date: : 22/09/2023 20:54:34...
updating: MATXFUNB_EN.TRES...
RPO apply date: : 22/09/2023 20:54:34...
updating: MATXFUNB_ES.TRES...
RPO apply date: : 22/09/2023 20:54:34...
updating: MATXFUNB_PT-BR.TRES...
RPO apply date: : 22/09/2023 20:54:34...
updating: MATXFUNB_PT-PT.TRES...
RPO apply date: : 22/09/2023 20:54:34...
updating: MATXFUNB_RU.TRES...
RPO apply date: : 22/09/2023 20:54:34...
updating: MATXFUNC.PRX...
RPO apply date: : 22/09/2023 20:54:34...
updating: MATXFUNC_EN.TRES...
RPO apply date: : 22/09/2023 20:54:34...
updating: MATXFUNC_ES.TRES...
RPO apply date: : 22/09/2023 20:54:34...
updating: MATXFUNC_PT-BR.TRES...
RPO apply date: : 22/09/2023 20:54:34...
updating: MATXFUNC_PT-PT.TRES...
RPO apply date: : 22/09/2023 20:54:34...
updating: MATXFUNC_RU.TRES...
RPO apply date: : 22/09/2023 20:54:34...
updating: P12_08.ZSPS...
RPO apply date: : 22/09/2023 20:54:34...
updating: P12_14.ZSPS...
RPO apply date: : 22/09/2023 20:54:34...
updating: P12_19.ZSPS...
RPO apply date: : 22/09/2023 20:54:34...
updating: P12_20.ZSPS...
RPO apply date: : 22/09/2023 20:54:34...
updating: SIGACUS.PRW...
RPO apply date: : 22/09/2023 20:54:34...
updating: SIGACUSA.PRX...
RPO apply date: : 22/09/2023 20:54:34...
updating: SIGACUSA_EN.TRES...
RPO apply date: : 22/09/2023 20:54:34...
updating: SIGACUSA_ES.TRES...
RPO apply date: : 22/09/2023 20:54:34...
updating: SIGACUSA_PT-BR.TRES...
RPO apply date: : 22/09/2023 20:54:34...
updating: SIGACUSA_PT-PT.TRES...
RPO apply date: : 22/09/2023 20:54:34...
updating: SIGACUSA_RU.TRES...
RPO apply date: : 22/09/2023 20:54:34...
updating: SIGACUSB.PRX...
RPO apply date: : 22/09/2023 20:54:34...
updating: SIGACUS_EN.TRES...
RPO apply date: : 22/09/2023 20:54:34...
updating: SIGACUS_ES.TRES...
RPO apply date: : 22/09/2023 20:54:34...
updating: SIGACUS_PT-BR.TRES...
RPO apply date: : 22/09/2023 20:54:34...
updating: SIGACUS_PT-PT.TRES...
RPO apply date: : 22/09/2023 20:54:34...
updating: SIGACUS_RU.TRES...

[INFO ][SERVER] Updating map 1/5 Default RPO: 113095

[INFO ][SERVER] Updating map 2/5 Default RPO: 10185

[INFO ][SERVER] Updating map 3/5 Default RPO: 468

[INFO ][SERVER] Updating map 4/5 Default RPO: 125006

[INFO ][SERVER] Updating map 5/5 Default RPO: 125006

[CMDLINE] Patch successfully applied.

[INFO ][SERVER] [Thread 201] [22/09/2023 20:54:38] Updating RPO /scripts/apo/portuguese/tttm120.rpo
[INFO ][SERVER] Updating map 1/5 Default RPO: 113095

[INFO ][SERVER] Updating map 2/5 Default RPO: 10185

[INFO ][SERVER] Updating map 3/5 Default RPO: 468

[INFO ][SERVER] Updating map 4/5 Default RPO: 125006

[INFO ][SERVER] Updating map 5/5 Default RPO: 125006

[INFO ][SERVER] [Thread 201] [22/09/2023 20:54:42] End Build.
[CMDLINE] Apply Patch finished.

[CMDLINE] ******************************** Build Information Report ********************************

[CMDLINE] Environment .........: ENVP

[CMDLINE] RPO .................: /scripts/apo/portuguese/tttm120.rpo

[CMDLINE] -------------- Execution Time -------------- 

[CMDLINE] ApplyPatch ..........: 12.402 s

[CMDLINE] Total Application ...: 12.406 s


[CMDLINE] ***************************** End of Build Information Report *****************************

[INFO ][SERVER] [Thread 208] [SMARTHEAP] Registering Tasks...

[INFO ][SERVER] [Thread 208] [SMARTHEAP] Version 10.0.1

TOTVS: Not appending Date/Time and Thread to console. To enable:
[GENERAL]
EchoConsoleLogDate=1

TOTVS: Not writing asynchronous logs to console.log. To enable:
[GENERAL]
AsyncConsoleLog=1

TOTVS: Appending Date/Time and Thread to console.log. To disable:
[GENERAL]
ConsoleLogDate=0


 *** WARNING!!!! It is recommended to use LockServer Session in this OS.
***  TOTVS S/A  ***
***  www.totvs.com.br  ***
* AP7 - Build 7.00.210324P - Mar 12 2022 - 03:40:24 
* Build: 64 bits
* SVN Revision: 34023
* Build Version: 20.3.0.8


Using ini file ''

Using ini file 'appserver.ini'

[INFO ][SERVER] ###### thr: 208 - /totvs/tech/appserver/appserver.ini - was changed by any external tool: Last Write 4294967295 != 1695415969 Write != 4294967294 read!!! (reload)

 *** WARNING!!!! It is recommended to use LockServer Session in this OS.

[CMDLINE] STARTING APPSERVER COMMAND LINE - COMPILE

[CMDLINE] Starting Apply Patch.

[WARN ][SERVER] RpoCustom Key not defined in the ini file. Using default set to /totvs/tech/appserver/custom.rpo
[INFO ][SERVER] [Thread 208] Start Build.

[WARN ][SERVER] VDR Stop: there isn't active HTTP server
Rpo with Total Users: 1 (Custom RPO)

[INFO ][SERVER] Loading map 1/5 Custom RPO: 0

[INFO ][SERVER] Loading map 2/5 Custom RPO: 0

[INFO ][SERVER] Loading map 3/5 Custom RPO: 0

[INFO ][SERVER] Loading map 4/5 Custom RPO: 0

[INFO ][SERVER] Loading map 5/5 Custom RPO: 0

[INFO ][SERVER] Loading map 1/5 Default RPO: 113095

[INFO ][SERVER] Loading map 2/5 Default RPO: 10185

[INFO ][SERVER] Loading map 3/5 Default RPO: 10185

[INFO ][SERVER] Loading map 4/5 Default RPO: 23128

[INFO ][SERVER] Loading map 5/5 Default RPO: 101867
deleting: ENGXFUNP.PRW...
deleting: MATA926.PRW...
RPO apply date: : 22/09/2023 20:54:47...
updating: DSERFIS1-30862_14642074_640890.TPH2210...
skipping older source: ENGXFUN.PRW...
RPO apply date: : 22/09/2023 20:54:47...
updating: ENGXFUNP.PRW...
RPO apply date: : 22/09/2023 20:54:47...
updating: FW_RESOURCE_PKMK.PNG...
RPO apply date: : 22/09/2023 20:54:47...
updating: MATA926.PRW...
RPO apply date: : 22/09/2023 20:54:47...
updating: MATA926_EN.TRES...
RPO apply date: : 22/09/2023 20:54:47...
updating: MATA926_ES.TRES...
RPO apply date: : 22/09/2023 20:54:47...
updating: MATA926_PT-BR.TRES...
RPO apply date: : 22/09/2023 20:54:47...
updating: MATA926_PT-PT.TRES...
RPO apply date: : 22/09/2023 20:54:47...
updating: MATA926_RU.TRES...

[INFO ][SERVER] Updating map 1/5 Default RPO: 113095

[INFO ][SERVER] Updating map 2/5 Default RPO: 10185

[INFO ][SERVER] Updating map 3/5 Default RPO: 468

[INFO ][SERVER] Updating map 4/5 Default RPO: 125007

[INFO ][SERVER] Updating map 5/5 Default RPO: 125007

[CMDLINE] Patch successfully applied.

[INFO ][SERVER] [Thread 208] [22/09/2023 20:54:50] Updating RPO /scripts/apo/portuguese/tttm120.rpo
[INFO ][SERVER] Updating map 1/5 Default RPO: 113095

[INFO ][SERVER] Updating map 2/5 Default RPO: 10185

[INFO ][SERVER] Updating map 3/5 Default RPO: 468

[INFO ][SERVER] Updating map 4/5 Default RPO: 125007

[INFO ][SERVER] Updating map 5/5 Default RPO: 125007

[INFO ][SERVER] [Thread 208] [22/09/2023 20:54:54] End Build.
[CMDLINE] Apply Patch finished.

[CMDLINE] ******************************** Build Information Report ********************************

[CMDLINE] Environment .........: ENVP

[CMDLINE] RPO .................: /scripts/apo/portuguese/tttm120.rpo

[CMDLINE] -------------- Execution Time -------------- 

[CMDLINE] ApplyPatch ..........: 10.751 s

[CMDLINE] Total Application ...: 10.756 s


[CMDLINE] ***************************** End of Build Information Report *****************************
